<?xml version="1.0" encoding="UTF-8"?>
<!-- Generated by org.testng.reporters.JUnitReportReporter -->
<testsuite skipped="0" hostname="DESKTOP-N308L1J" name="test.AddCustomerTest" tests="1" failures="0" timestamp="19 Sep 2020 18:25:44 GMT" time="18.154" errors="0">
  <testcase name="validUserShouldBeAbleToAddCustomer" time="18.154" classname="test.AddCustomerTest"/>
</testsuite> <!-- test.AddCustomerTest -->
